Traceback (most recent call last):
  File "E:\AI\Vibrante-Node\source\src\ui\window.py", line 691, in load_workflow
    workflow_model = WorkflowModel.model_validate_json(json_data)
  File "C:\Python310\lib\site-packages\pydantic\main.py", line 766, in model_validate_json
    return cls.__pydantic_validator__.validate_json(
pydantic_core._pydantic_core.ValidationError: 43 validation errors for WorkflowModel
nodes.0.instance_id
  Input should be a valid UUID, invalid character: expected an optional prefix of `urn:uuid:` followed by [0-9a-fA-F-], found `n` at 1 [type=uuid_parsing, input_value='n_init', input_type=str]
    For further information visit https://errors.pydantic.dev/2.12/v/uuid_parsing
nodes.1.instance_id
  Input should be a valid UUID, invalid character: expected an optional prefix of `urn:uuid:` followed by [0-9a-fA-F-], found `n` at 1 [type=uuid_parsing, input_value='n_create_project', input_type=str]
    For further information visit https://errors.pydantic.dev/2.12/v/uuid_parsing
nodes.2.instance_id
  Input should be a valid UUID, invalid character: expected an optional prefix of `urn:uuid:` followed by [0-9a-fA-F-], found `n` at 1 [type=uuid_parsing, input_value='n_change_project', input_type=str]
    For further information visit https://errors.pydantic.dev/2.12/v/uuid_parsing
nodes.3.instance_id
  Input should be a valid UUID, invalid character: expected an optional prefix of `urn:uuid:` followed by [0-9a-fA-F-], found `n` at 1 [type=uuid_parsing, input_value='n_build_entity', input_type=str]
    For further information visit https://errors.pydantic.dev/2.12/v/uuid_parsing
nodes.4.instance_id
  Input should be a valid UUID, invalid character: expected an optional prefix of `urn:uuid:` followed by [0-9a-fA-F-], found `n` at 1 [type=uuid_parsing, input_value='n_create_entity', input_type=str]
    For further information visit https://errors.pydantic.dev/2.12/v/uuid_parsing
nodes.5.instance_id
  Input should be a valid UUID, invalid character: expected an optional prefix of `urn:uuid:` followed by [0-9a-fA-F-], found `n` at 1 [type=uuid_parsing, input_value='n_create_category', input_type=str]
    For further information visit https://errors.pydantic.dev/2.12/v/uuid_parsing
nodes.6.instance_id
  Input should be a valid UUID, invalid character: expected an optional prefix of `urn:uuid:` followed by [0-9a-fA-F-], found `n` at 1 [type=uuid_parsing, input_value='n_get_presets', input_type=str]
    For further information visit https://errors.pydantic.dev/2.12/v/uuid_parsing
nodes.7.instance_id
  Input should be a valid UUID, invalid character: expected an optional prefix of `urn:uuid:` followed by [0-9a-fA-F-], found `n` at 1 [type=uuid_parsing, input_value='n_create_scene', input_type=str]
    For further information visit https://errors.pydantic.dev/2.12/v/uuid_parsing
nodes.8.instance_id
  Input should be a valid UUID, invalid character: expected an optional prefix of `urn:uuid:` followed by [0-9a-fA-F-], found `n` at 1 [type=uuid_parsing, input_value='n_popup', input_type=str]
    For further information visit https://errors.pydantic.dev/2.12/v/uuid_parsing
connections.0.from_node
  Input should be a valid UUID, invalid character: expected an optional prefix of `urn:uuid:` followed by [0-9a-fA-F-], found `n` at 1 [type=uuid_parsing, input_value='n_init', input_type=str]
    For further information visit https://errors.pydantic.dev/2.12/v/uuid_parsing
connections.0.to_node
  Input should be a valid UUID, invalid character: expected an optional prefix of `urn:uuid:` followed by [0-9a-fA-F-], found `n` at 1 [type=uuid_parsing, input_value='n_create_project', input_type=str]
    For further information visit https://errors.pydantic.dev/2.12/v/uuid_parsing
connections.1.from_node
  Input should be a valid UUID, invalid character: expected an optional prefix of `urn:uuid:` followed by [0-9a-fA-F-], found `n` at 1 [type=uuid_parsing, input_value='n_init', input_type=str]
    For further information visit https://errors.pydantic.dev/2.12/v/uuid_parsing
connections.1.to_node
  Input should be a valid UUID, invalid character: expected an optional prefix of `urn:uuid:` followed by [0-9a-fA-F-], found `n` at 1 [type=uuid_parsing, input_value='n_create_project', input_type=str]
    For further information visit https://errors.pydantic.dev/2.12/v/uuid_parsing
connections.2.from_node
  Input should be a valid UUID, invalid character: expected an optional prefix of `urn:uuid:` followed by [0-9a-fA-F-], found `n` at 1 [type=uuid_parsing, input_value='n_create_project', input_type=str]
    For further information visit https://errors.pydantic.dev/2.12/v/uuid_parsing
connections.2.to_node
  Input should be a valid UUID, invalid character: expected an optional prefix of `urn:uuid:` followed by [0-9a-fA-F-], found `n` at 1 [type=uuid_parsing, input_value='n_change_project', input_type=str]
    For further information visit https://errors.pydantic.dev/2.12/v/uuid_parsing
connections.3.from_node
  Input should be a valid UUID, invalid character: expected an optional prefix of `urn:uuid:` followed by [0-9a-fA-F-], found `n` at 1 [type=uuid_parsing, input_value='n_init', input_type=str]
    For further information visit https://errors.pydantic.dev/2.12/v/uuid_parsing
connections.3.to_node
  Input should be a valid UUID, invalid character: expected an optional prefix of `urn:uuid:` followed by [0-9a-fA-F-], found `n` at 1 [type=uuid_parsing, input_value='n_change_project', input_type=str]
    For further information visit https://errors.pydantic.dev/2.12/v/uuid_parsing
connections.4.from_node
  Input should be a valid UUID, invalid character: expected an optional prefix of `urn:uuid:` followed by [0-9a-fA-F-], found `n` at 1 [type=uuid_parsing, input_value='n_change_project', input_type=str]
    For further information visit https://errors.pydantic.dev/2.12/v/uuid_parsing
connections.4.to_node
  Input should be a valid UUID, invalid character: expected an optional prefix of `urn:uuid:` followed by [0-9a-fA-F-], found `n` at 1 [type=uuid_parsing, input_value='n_create_entity', input_type=str]
    For further information visit https://errors.pydantic.dev/2.12/v/uuid_parsing
connections.5.from_node
  Input should be a valid UUID, invalid character: expected an optional prefix of `urn:uuid:` followed by [0-9a-fA-F-], found `n` at 1 [type=uuid_parsing, input_value='n_init', input_type=str]
    For further information visit https://errors.pydantic.dev/2.12/v/uuid_parsing
connections.5.to_node
  Input should be a valid UUID, invalid character: expected an optional prefix of `urn:uuid:` followed by [0-9a-fA-F-], found `n` at 1 [type=uuid_parsing, input_value='n_create_entity', input_type=str]
    For further information visit https://errors.pydantic.dev/2.12/v/uuid_parsing
connections.6.from_node
  Input should be a valid UUID, invalid character: expected an optional prefix of `urn:uuid:` followed by [0-9a-fA-F-], found `n` at 1 [type=uuid_parsing, input_value='n_create_entity', input_type=str]
    For further information visit https://errors.pydantic.dev/2.12/v/uuid_parsing
connections.6.to_node
  Input should be a valid UUID, invalid character: expected an optional prefix of `urn:uuid:` followed by [0-9a-fA-F-], found `n` at 1 [type=uuid_parsing, input_value='n_create_category', input_type=str]
    For further information visit https://errors.pydantic.dev/2.12/v/uuid_parsing
connections.7.from_node
  Input should be a valid UUID, invalid character: expected an optional prefix of `urn:uuid:` followed by [0-9a-fA-F-], found `n` at 1 [type=uuid_parsing, input_value='n_init', input_type=str]
    For further information visit https://errors.pydantic.dev/2.12/v/uuid_parsing
connections.7.to_node
  Input should be a valid UUID, invalid character: expected an optional prefix of `urn:uuid:` followed by [0-9a-fA-F-], found `n` at 1 [type=uuid_parsing, input_value='n_create_category', input_type=str]
    For further information visit https://errors.pydantic.dev/2.12/v/uuid_parsing
connections.8.from_node
  Input should be a valid UUID, invalid character: expected an optional prefix of `urn:uuid:` followed by [0-9a-fA-F-], found `n` at 1 [type=uuid_parsing, input_value='n_build_entity', input_type=str]
    For further information visit https://errors.pydantic.dev/2.12/v/uuid_parsing
connections.8.to_node
  Input should be a valid UUID, invalid character: expected an optional prefix of `urn:uuid:` followed by [0-9a-fA-F-], found `n` at 1 [type=uuid_parsing, input_value='n_create_category', input_type=str]
    For further information visit https://errors.pydantic.dev/2.12/v/uuid_parsing
connections.9.from_node
  Input should be a valid UUID, invalid character: expected an optional prefix of `urn:uuid:` followed by [0-9a-fA-F-], found `n` at 1 [type=uuid_parsing, input_value='n_create_category', input_type=str]
    For further information visit https://errors.pydantic.dev/2.12/v/uuid_parsing
connections.9.to_node
  Input should be a valid UUID, invalid character: expected an optional prefix of `urn:uuid:` followed by [0-9a-fA-F-], found `n` at 1 [type=uuid_parsing, input_value='n_get_presets', input_type=str]
    For further information visit https://errors.pydantic.dev/2.12/v/uuid_parsing
connections.10.from_node
  Input should be a valid UUID, invalid character: expected an optional prefix of `urn:uuid:` followed by [0-9a-fA-F-], found `n` at 1 [type=uuid_parsing, input_value='n_init', input_type=str]
    For further information visit https://errors.pydantic.dev/2.12/v/uuid_parsing
connections.10.to_node
  Input should be a valid UUID, invalid character: expected an optional prefix of `urn:uuid:` followed by [0-9a-fA-F-], found `n` at 1 [type=uuid_parsing, input_value='n_get_presets', input_type=str]
    For further information visit https://errors.pydantic.dev/2.12/v/uuid_parsing
connections.11.from_node
  Input should be a valid UUID, invalid character: expected an optional prefix of `urn:uuid:` followed by [0-9a-fA-F-], found `n` at 1 [type=uuid_parsing, input_value='n_get_presets', input_type=str]
    For further information visit https://errors.pydantic.dev/2.12/v/uuid_parsing
connections.11.to_node
  Input should be a valid UUID, invalid character: expected an optional prefix of `urn:uuid:` followed by [0-9a-fA-F-], found `n` at 1 [type=uuid_parsing, input_value='n_create_scene', input_type=str]
    For further information visit https://errors.pydantic.dev/2.12/v/uuid_parsing
connections.12.from_node
  Input should be a valid UUID, invalid character: expected an optional prefix of `urn:uuid:` followed by [0-9a-fA-F-], found `n` at 1 [type=uuid_parsing, input_value='n_init', input_type=str]
    For further information visit https://errors.pydantic.dev/2.12/v/uuid_parsing
connections.12.to_node
  Input should be a valid UUID, invalid character: expected an optional prefix of `urn:uuid:` followed by [0-9a-fA-F-], found `n` at 1 [type=uuid_parsing, input_value='n_create_scene', input_type=str]
    For further information visit https://errors.pydantic.dev/2.12/v/uuid_parsing
connections.13.from_node
  Input should be a valid UUID, invalid character: expected an optional prefix of `urn:uuid:` followed by [0-9a-fA-F-], found `n` at 1 [type=uuid_parsing, input_value='n_build_entity', input_type=str]
    For further information visit https://errors.pydantic.dev/2.12/v/uuid_parsing
connections.13.to_node
  Input should be a valid UUID, invalid character: expected an optional prefix of `urn:uuid:` followed by [0-9a-fA-F-], found `n` at 1 [type=uuid_parsing, input_value='n_create_scene', input_type=str]
    For further information visit https://errors.pydantic.dev/2.12/v/uuid_parsing
connections.14.from_node
  Input should be a valid UUID, invalid character: expected an optional prefix of `urn:uuid:` followed by [0-9a-fA-F-], found `n` at 1 [type=uuid_parsing, input_value='n_get_presets', input_type=str]
    For further information visit https://errors.pydantic.dev/2.12/v/uuid_parsing
connections.14.to_node
  Input should be a valid UUID, invalid character: expected an optional prefix of `urn:uuid:` followed by [0-9a-fA-F-], found `n` at 1 [type=uuid_parsing, input_value='n_create_scene', input_type=str]
    For further information visit https://errors.pydantic.dev/2.12/v/uuid_parsing
connections.15.from_node
  Input should be a valid UUID, invalid character: expected an optional prefix of `urn:uuid:` followed by [0-9a-fA-F-], found `n` at 1 [type=uuid_parsing, input_value='n_create_scene', input_type=str]
    For further information visit https://errors.pydantic.dev/2.12/v/uuid_parsing
connections.15.to_node
  Input should be a valid UUID, invalid character: expected an optional prefix of `urn:uuid:` followed by [0-9a-fA-F-], found `n` at 1 [type=uuid_parsing, input_value='n_popup', input_type=str]
    For further information visit https://errors.pydantic.dev/2.12/v/uuid_parsing
connections.16.from_node
  Input should be a valid UUID, invalid character: expected an optional prefix of `urn:uuid:` followed by [0-9a-fA-F-], found `n` at 1 [type=uuid_parsing, input_value='n_init', input_type=str]
    For further information visit https://errors.pydantic.dev/2.12/v/uuid_parsing
connections.16.to_node
  Input should be a valid UUID, invalid character: expected an optional prefix of `urn:uuid:` followed by [0-9a-fA-F-], found `n` at 1 [type=uuid_parsing, input_value='n_popup', input_type=str]
    For further information visit https://errors.pydantic.dev/2.12/v/uuid_parsing
